2023-05-24 14:46:07.855 | INFO     | Namespace(seed=0, rounds=5, rank=20, window=12, channels=32, model='LTP', narys=2, beam=25, qtype=['user', 'item'], ktype=['time'], density=0.1, num_users=12, num_items=12, num_times=3000, dataset='abilene', bs=256, lr=0.001, epochs=100, patience=5, device='cpu')
2023-05-24 14:46:09.088 | INFO     | Round=0 Epoch=00 Loss=0.0499 vNRMSE=0.4689 vNMAE=0.5605
2023-05-24 14:46:09.935 | INFO     | Round=0 Epoch=01 Loss=0.0050 vNRMSE=0.3364 vNMAE=0.3818
2023-05-24 14:46:10.783 | INFO     | Round=0 Epoch=02 Loss=0.0034 vNRMSE=0.3138 vNMAE=0.3426
2023-05-24 14:46:11.641 | INFO     | Round=0 Epoch=03 Loss=0.0030 vNRMSE=0.3021 vNMAE=0.3168
2023-05-24 14:46:12.503 | INFO     | Round=0 Epoch=04 Loss=0.0027 vNRMSE=0.2869 vNMAE=0.2921
2023-05-24 14:46:13.377 | INFO     | Round=0 Epoch=05 Loss=0.0025 vNRMSE=0.2803 vNMAE=0.2779
2023-05-24 14:46:14.294 | INFO     | Round=0 Epoch=06 Loss=0.0023 vNRMSE=0.2764 vNMAE=0.2781
2023-05-24 14:46:15.154 | INFO     | Round=0 Epoch=07 Loss=0.0022 vNRMSE=0.2668 vNMAE=0.2650
2023-05-24 14:46:16.012 | INFO     | Round=0 Epoch=08 Loss=0.0020 vNRMSE=0.2685 vNMAE=0.2674
2023-05-24 14:46:16.902 | INFO     | Round=0 Epoch=09 Loss=0.0020 vNRMSE=0.2595 vNMAE=0.2570
2023-05-24 14:46:18.220 | INFO     | Round=0 Epoch=10 Loss=0.0019 vNRMSE=0.2632 vNMAE=0.2664
2023-05-24 14:46:19.209 | INFO     | Round=0 Epoch=11 Loss=0.0018 vNRMSE=0.2556 vNMAE=0.2500
2023-05-24 14:46:20.238 | INFO     | Round=0 Epoch=12 Loss=0.0017 vNRMSE=0.2609 vNMAE=0.2534
2023-05-24 14:46:21.168 | INFO     | Round=0 Epoch=13 Loss=0.0016 vNRMSE=0.2575 vNMAE=0.2529
2023-05-24 14:46:22.040 | INFO     | Round=0 Epoch=14 Loss=0.0016 vNRMSE=0.2541 vNMAE=0.2460
2023-05-24 14:46:22.917 | INFO     | Round=0 Epoch=15 Loss=0.0015 vNRMSE=0.2509 vNMAE=0.2504
2023-05-24 14:46:23.875 | INFO     | Round=0 Epoch=16 Loss=0.0015 vNRMSE=0.2506 vNMAE=0.2489
2023-05-24 14:46:24.945 | INFO     | Round=0 Epoch=17 Loss=0.0014 vNRMSE=0.2518 vNMAE=0.2470
2023-05-24 14:46:26.019 | INFO     | Round=0 Epoch=18 Loss=0.0014 vNRMSE=0.2476 vNMAE=0.2378
2023-05-24 14:46:27.025 | INFO     | Round=0 Epoch=19 Loss=0.0013 vNRMSE=0.2454 vNMAE=0.2373
2023-05-24 14:46:28.048 | INFO     | Round=0 Epoch=20 Loss=0.0013 vNRMSE=0.2448 vNMAE=0.2363
2023-05-24 14:46:29.047 | INFO     | Round=0 Epoch=21 Loss=0.0012 vNRMSE=0.2466 vNMAE=0.2417
2023-05-24 14:46:30.021 | INFO     | Round=0 Epoch=22 Loss=0.0012 vNRMSE=0.2520 vNMAE=0.2416
2023-05-24 14:46:31.057 | INFO     | Round=0 Epoch=23 Loss=0.0012 vNRMSE=0.2442 vNMAE=0.2340
2023-05-24 14:46:32.058 | INFO     | Round=0 Epoch=24 Loss=0.0011 vNRMSE=0.2463 vNMAE=0.2378
2023-05-24 14:46:33.073 | INFO     | Round=0 Epoch=25 Loss=0.0011 vNRMSE=0.2422 vNMAE=0.2281
2023-05-24 14:46:34.190 | INFO     | Round=0 Epoch=26 Loss=0.0011 vNRMSE=0.2429 vNMAE=0.2337
2023-05-24 14:46:35.107 | INFO     | Round=0 Epoch=27 Loss=0.0011 vNRMSE=0.2426 vNMAE=0.2275
2023-05-24 14:46:36.173 | INFO     | Round=0 Epoch=28 Loss=0.0010 vNRMSE=0.2398 vNMAE=0.2275
2023-05-24 14:46:37.144 | INFO     | Round=0 Epoch=29 Loss=0.0010 vNRMSE=0.2458 vNMAE=0.2303
2023-05-24 14:46:38.212 | INFO     | Round=0 Epoch=30 Loss=0.0010 vNRMSE=0.2421 vNMAE=0.2290
2023-05-24 14:46:39.250 | INFO     | Round=0 Epoch=31 Loss=0.0010 vNRMSE=0.2455 vNMAE=0.2266
2023-05-24 14:46:40.315 | INFO     | Round=0 Epoch=32 Loss=0.0010 vNRMSE=0.2420 vNMAE=0.2259
2023-05-24 14:46:41.398 | INFO     | Round=0 Epoch=33 Loss=0.0009 vNRMSE=0.2444 vNMAE=0.2278
2023-05-24 14:46:44.076 | INFO     | Round=0 tNRMSE=0.2500 tNMAE=0.2305
2023-05-24 14:46:47.808 | INFO     | ******************************************************************
2023-05-24 14:46:47.809 | INFO     | Round=0 Brute Force Retrieval Performance
2023-05-24 14:46:47.809 | INFO     | Round=0 Top20  Recall=0.0552 Precision=0.0552 F-Measure=0.0552
2023-05-24 14:46:47.809 | INFO     | Round=0 Top50  Recall=0.0876 Precision=0.0876 F-Measure=0.0876
2023-05-24 14:46:47.809 | INFO     | Round=0 Top100 Recall=0.1317 Precision=0.1317 F-Measure=0.1317
2023-05-24 14:46:47.809 | INFO     | ******************************************************************
2023-05-24 14:46:49.661 | INFO     | ******************************************************************
2023-05-24 14:46:49.661 | INFO     | Round=0 Tree Indexer Retrieval Performance
2023-05-24 14:46:49.662 | INFO     | Round=0 Top20  Recall=0.0215 Precision=0.0215 F-Measure=0.0215
2023-05-24 14:46:49.662 | INFO     | Round=0 Top50  Recall=0.0478 Precision=0.0478 F-Measure=0.0478
2023-05-24 14:46:49.662 | INFO     | Round=0 Top100 Recall=0.0937 Precision=0.0937 F-Measure=0.0937
2023-05-24 14:46:49.662 | INFO     | ******************************************************************
2023-05-24 14:47:00.986 | INFO     | ******************************************************************
2023-05-24 14:47:00.987 | INFO     | Round=0 Tree Indexer Retrieval Performance
2023-05-24 14:47:00.987 | INFO     | Round=0 Top20  Recall=0.0226 Precision=0.0226 F-Measure=0.0226
2023-05-24 14:47:00.987 | INFO     | Round=0 Top50  Recall=0.0554 Precision=0.0554 F-Measure=0.0554
2023-05-24 14:47:00.987 | INFO     | Round=0 Top100 Recall=0.1075 Precision=0.1075 F-Measure=0.1075
2023-05-24 14:47:00.987 | INFO     | ******************************************************************
2023-05-24 14:47:12.839 | INFO     | ******************************************************************
2023-05-24 14:47:12.840 | INFO     | Round=0 Tree Indexer Retrieval Performance
2023-05-24 14:47:12.840 | INFO     | Round=0 Top20  Recall=0.0333 Precision=0.0333 F-Measure=0.0333
2023-05-24 14:47:12.840 | INFO     | Round=0 Top50  Recall=0.0678 Precision=0.0678 F-Measure=0.0678
2023-05-24 14:47:12.840 | INFO     | Round=0 Top100 Recall=0.1194 Precision=0.1194 F-Measure=0.1194
2023-05-24 14:47:12.840 | INFO     | ******************************************************************
2023-05-24 14:47:25.444 | INFO     | ******************************************************************
2023-05-24 14:47:25.444 | INFO     | Round=0 Tree Indexer Retrieval Performance
2023-05-24 14:47:25.444 | INFO     | Round=0 Top20  Recall=0.0427 Precision=0.0427 F-Measure=0.0427
2023-05-24 14:47:25.444 | INFO     | Round=0 Top50  Recall=0.0743 Precision=0.0743 F-Measure=0.0743
2023-05-24 14:47:25.444 | INFO     | Round=0 Top100 Recall=0.1251 Precision=0.1251 F-Measure=0.1251
2023-05-24 14:47:25.445 | INFO     | ******************************************************************
2023-05-24 14:47:37.956 | INFO     | ******************************************************************
2023-05-24 14:47:37.957 | INFO     | Round=0 Tree Indexer Retrieval Performance
2023-05-24 14:47:37.957 | INFO     | Round=0 Top20  Recall=0.0372 Precision=0.0372 F-Measure=0.0372
2023-05-24 14:47:37.957 | INFO     | Round=0 Top50  Recall=0.0753 Precision=0.0753 F-Measure=0.0753
2023-05-24 14:47:37.957 | INFO     | Round=0 Top100 Recall=0.1231 Precision=0.1231 F-Measure=0.1231
2023-05-24 14:47:37.957 | INFO     | ******************************************************************
2023-05-24 14:47:49.910 | INFO     | ******************************************************************
2023-05-24 14:47:49.910 | INFO     | Round=0 Tree Indexer Retrieval Performance
2023-05-24 14:47:49.911 | INFO     | Round=0 Top20  Recall=0.0392 Precision=0.0392 F-Measure=0.0392
2023-05-24 14:47:49.911 | INFO     | Round=0 Top50  Recall=0.0796 Precision=0.0796 F-Measure=0.0796
2023-05-24 14:47:49.911 | INFO     | Round=0 Top100 Recall=0.1305 Precision=0.1305 F-Measure=0.1305
2023-05-24 14:47:49.911 | INFO     | ******************************************************************
2023-05-24 14:48:02.358 | INFO     | ******************************************************************
2023-05-24 14:48:02.358 | INFO     | Round=0 Tree Indexer Retrieval Performance
2023-05-24 14:48:02.359 | INFO     | Round=0 Top20  Recall=0.0396 Precision=0.0396 F-Measure=0.0396
2023-05-24 14:48:02.359 | INFO     | Round=0 Top50  Recall=0.0776 Precision=0.0776 F-Measure=0.0776
2023-05-24 14:48:02.359 | INFO     | Round=0 Top100 Recall=0.1294 Precision=0.1294 F-Measure=0.1294
2023-05-24 14:48:02.359 | INFO     | ******************************************************************
2023-05-24 14:48:14.331 | INFO     | ******************************************************************
2023-05-24 14:48:14.331 | INFO     | Round=0 Tree Indexer Retrieval Performance
2023-05-24 14:48:14.331 | INFO     | Round=0 Top20  Recall=0.0389 Precision=0.0389 F-Measure=0.0389
2023-05-24 14:48:14.332 | INFO     | Round=0 Top50  Recall=0.0769 Precision=0.0769 F-Measure=0.0769
2023-05-24 14:48:14.332 | INFO     | Round=0 Top100 Recall=0.1299 Precision=0.1299 F-Measure=0.1299
2023-05-24 14:48:14.332 | INFO     | ******************************************************************
2023-05-24 14:48:25.568 | INFO     | ******************************************************************
2023-05-24 14:48:25.568 | INFO     | Round=0 Tree Indexer Retrieval Performance
2023-05-24 14:48:25.568 | INFO     | Round=0 Top20  Recall=0.0413 Precision=0.0413 F-Measure=0.0413
2023-05-24 14:48:25.568 | INFO     | Round=0 Top50  Recall=0.0760 Precision=0.0760 F-Measure=0.0760
2023-05-24 14:48:25.568 | INFO     | Round=0 Top100 Recall=0.1294 Precision=0.1294 F-Measure=0.1294
2023-05-24 14:48:25.569 | INFO     | ******************************************************************
2023-05-24 14:48:36.606 | INFO     | ******************************************************************
2023-05-24 14:48:36.606 | INFO     | Round=0 Tree Indexer Retrieval Performance
2023-05-24 14:48:36.606 | INFO     | Round=0 Top20  Recall=0.0403 Precision=0.0403 F-Measure=0.0403
2023-05-24 14:48:36.607 | INFO     | Round=0 Top50  Recall=0.0799 Precision=0.0799 F-Measure=0.0799
2023-05-24 14:48:36.607 | INFO     | Round=0 Top100 Recall=0.1313 Precision=0.1313 F-Measure=0.1313
2023-05-24 14:48:36.607 | INFO     | ******************************************************************
2023-05-24 14:48:48.030 | INFO     | ******************************************************************
2023-05-24 14:48:48.031 | INFO     | Round=0 Tree Indexer Retrieval Performance
2023-05-24 14:48:48.031 | INFO     | Round=0 Top20  Recall=0.0392 Precision=0.0392 F-Measure=0.0392
2023-05-24 14:48:48.031 | INFO     | Round=0 Top50  Recall=0.0782 Precision=0.0782 F-Measure=0.0782
2023-05-24 14:48:48.031 | INFO     | Round=0 Top100 Recall=0.1315 Precision=0.1315 F-Measure=0.1315
2023-05-24 14:48:48.031 | INFO     | ******************************************************************
2023-05-24 14:48:59.495 | INFO     | ******************************************************************
2023-05-24 14:48:59.496 | INFO     | Round=0 Tree Indexer Retrieval Performance
2023-05-24 14:48:59.496 | INFO     | Round=0 Top20  Recall=0.0437 Precision=0.0437 F-Measure=0.0437
2023-05-24 14:48:59.496 | INFO     | Round=0 Top50  Recall=0.0775 Precision=0.0775 F-Measure=0.0775
2023-05-24 14:48:59.496 | INFO     | Round=0 Top100 Recall=0.1309 Precision=0.1309 F-Measure=0.1309
2023-05-24 14:48:59.496 | INFO     | ******************************************************************
2023-05-24 14:49:12.501 | INFO     | ******************************************************************
2023-05-24 14:49:12.502 | INFO     | Round=0 Tree Indexer Retrieval Performance
2023-05-24 14:49:12.502 | INFO     | Round=0 Top20  Recall=0.0410 Precision=0.0410 F-Measure=0.0410
2023-05-24 14:49:12.502 | INFO     | Round=0 Top50  Recall=0.0790 Precision=0.0790 F-Measure=0.0790
2023-05-24 14:49:12.503 | INFO     | Round=0 Top100 Recall=0.1310 Precision=0.1310 F-Measure=0.1310
2023-05-24 14:49:12.503 | INFO     | ******************************************************************
2023-05-24 14:49:26.913 | INFO     | ******************************************************************
2023-05-24 14:49:26.913 | INFO     | Round=0 Tree Indexer Retrieval Performance
2023-05-24 14:49:26.914 | INFO     | Round=0 Top20  Recall=0.0458 Precision=0.0458 F-Measure=0.0458
2023-05-24 14:49:26.914 | INFO     | Round=0 Top50  Recall=0.0783 Precision=0.0783 F-Measure=0.0783
2023-05-24 14:49:26.914 | INFO     | Round=0 Top100 Recall=0.1317 Precision=0.1317 F-Measure=0.1317
2023-05-24 14:49:26.914 | INFO     | ******************************************************************
