2023-05-24 14:23:11.316 | INFO     | Namespace(seed=0, rounds=5, rank=20, window=12, channels=32, model='LTP', narys=2, beam=25, qtype=['user', 'item'], ktype=['time'], density=0.1, num_users=12, num_items=12, num_times=3000, dataset='abilene', bs=256, lr=0.001, epochs=100, patience=5, device='cpu')
2023-05-24 14:23:12.805 | INFO     | Round=0 Epoch=00 Loss=0.0499 vNRMSE=0.4689 vNMAE=0.5605
2023-05-24 14:23:13.812 | INFO     | Round=0 Epoch=01 Loss=0.0050 vNRMSE=0.3364 vNMAE=0.3818
2023-05-24 14:23:14.856 | INFO     | Round=0 Epoch=02 Loss=0.0034 vNRMSE=0.3138 vNMAE=0.3426
2023-05-24 14:23:16.228 | INFO     | Round=0 Epoch=03 Loss=0.0030 vNRMSE=0.3021 vNMAE=0.3168
2023-05-24 14:23:17.303 | INFO     | Round=0 Epoch=04 Loss=0.0027 vNRMSE=0.2869 vNMAE=0.2921
2023-05-24 14:23:18.387 | INFO     | Round=0 Epoch=05 Loss=0.0025 vNRMSE=0.2803 vNMAE=0.2779
2023-05-24 14:23:19.451 | INFO     | Round=0 Epoch=06 Loss=0.0023 vNRMSE=0.2764 vNMAE=0.2781
2023-05-24 14:23:20.598 | INFO     | Round=0 Epoch=07 Loss=0.0022 vNRMSE=0.2668 vNMAE=0.2650
2023-05-24 14:23:21.662 | INFO     | Round=0 Epoch=08 Loss=0.0020 vNRMSE=0.2685 vNMAE=0.2674
2023-05-24 14:23:22.714 | INFO     | Round=0 Epoch=09 Loss=0.0020 vNRMSE=0.2595 vNMAE=0.2570
2023-05-24 14:23:23.832 | INFO     | Round=0 Epoch=10 Loss=0.0019 vNRMSE=0.2632 vNMAE=0.2664
2023-05-24 14:23:25.003 | INFO     | Round=0 Epoch=11 Loss=0.0018 vNRMSE=0.2556 vNMAE=0.2500
2023-05-24 14:23:26.324 | INFO     | Round=0 Epoch=12 Loss=0.0017 vNRMSE=0.2609 vNMAE=0.2534
2023-05-24 14:23:27.578 | INFO     | Round=0 Epoch=13 Loss=0.0016 vNRMSE=0.2575 vNMAE=0.2529
2023-05-24 14:23:28.701 | INFO     | Round=0 Epoch=14 Loss=0.0016 vNRMSE=0.2541 vNMAE=0.2460
2023-05-24 14:23:29.823 | INFO     | Round=0 Epoch=15 Loss=0.0015 vNRMSE=0.2509 vNMAE=0.2504
2023-05-24 14:23:31.002 | INFO     | Round=0 Epoch=16 Loss=0.0015 vNRMSE=0.2506 vNMAE=0.2489
2023-05-24 14:23:32.172 | INFO     | Round=0 Epoch=17 Loss=0.0014 vNRMSE=0.2518 vNMAE=0.2470
2023-05-24 14:23:33.264 | INFO     | Round=0 Epoch=18 Loss=0.0014 vNRMSE=0.2476 vNMAE=0.2378
2023-05-24 14:23:34.330 | INFO     | Round=0 Epoch=19 Loss=0.0013 vNRMSE=0.2454 vNMAE=0.2373
2023-05-24 14:23:35.392 | INFO     | Round=0 Epoch=20 Loss=0.0013 vNRMSE=0.2448 vNMAE=0.2363
2023-05-24 14:23:36.469 | INFO     | Round=0 Epoch=21 Loss=0.0012 vNRMSE=0.2466 vNMAE=0.2417
2023-05-24 14:23:37.656 | INFO     | Round=0 Epoch=22 Loss=0.0012 vNRMSE=0.2520 vNMAE=0.2416
2023-05-24 14:23:38.759 | INFO     | Round=0 Epoch=23 Loss=0.0012 vNRMSE=0.2442 vNMAE=0.2340
2023-05-24 14:23:39.853 | INFO     | Round=0 Epoch=24 Loss=0.0011 vNRMSE=0.2463 vNMAE=0.2378
2023-05-24 14:23:40.987 | INFO     | Round=0 Epoch=25 Loss=0.0011 vNRMSE=0.2422 vNMAE=0.2281
2023-05-24 14:23:42.112 | INFO     | Round=0 Epoch=26 Loss=0.0011 vNRMSE=0.2429 vNMAE=0.2337
2023-05-24 14:23:43.159 | INFO     | Round=0 Epoch=27 Loss=0.0011 vNRMSE=0.2426 vNMAE=0.2275
2023-05-24 14:23:44.249 | INFO     | Round=0 Epoch=28 Loss=0.0010 vNRMSE=0.2398 vNMAE=0.2275
2023-05-24 14:23:45.283 | INFO     | Round=0 Epoch=29 Loss=0.0010 vNRMSE=0.2458 vNMAE=0.2303
2023-05-24 14:23:46.323 | INFO     | Round=0 Epoch=30 Loss=0.0010 vNRMSE=0.2421 vNMAE=0.2290
2023-05-24 14:23:47.385 | INFO     | Round=0 Epoch=31 Loss=0.0010 vNRMSE=0.2455 vNMAE=0.2266
2023-05-24 14:23:48.420 | INFO     | Round=0 Epoch=32 Loss=0.0010 vNRMSE=0.2420 vNMAE=0.2259
2023-05-24 14:23:49.461 | INFO     | Round=0 Epoch=33 Loss=0.0009 vNRMSE=0.2444 vNMAE=0.2278
2023-05-24 14:23:52.287 | INFO     | Round=0 tNRMSE=0.2500 tNMAE=0.2305
2023-05-24 14:23:57.267 | INFO     | ************************************************************
2023-05-24 14:23:57.267 | INFO     | Round=0 Brute Force Retrieval Performance
2023-05-24 14:23:57.267 | INFO     | Round=0 Top20  Recall=0.0552 Precision=0.0552 F-Measure=0.0552
2023-05-24 14:23:57.268 | INFO     | Round=0 Top50  Recall=0.0876 Precision=0.0876 F-Measure=0.0876
2023-05-24 14:23:57.268 | INFO     | Round=0 Top100 Recall=0.1317 Precision=0.1317 F-Measure=0.1317
2023-05-24 14:23:57.268 | INFO     | ************************************************************
2023-05-24 14:23:59.368 | INFO     | ************************************************************
2023-05-24 14:23:59.368 | INFO     | Round=0 Tree Indexer Retrieval Performance
2023-05-24 14:23:59.369 | INFO     | Round=0 Top20  Recall=0.0253 Precision=0.0253 F-Measure=0.0253
2023-05-24 14:23:59.369 | INFO     | Round=0 Top50  Recall=0.0478 Precision=0.0478 F-Measure=0.0478
2023-05-24 14:23:59.369 | INFO     | Round=0 Top100 Recall=0.0693 Precision=0.0693 F-Measure=0.0693
2023-05-24 14:23:59.369 | INFO     | ************************************************************
2023-05-24 14:24:10.965 | INFO     | ************************************************************
2023-05-24 14:24:10.966 | INFO     | Round=0 Tree Indexer Retrieval Performance
2023-05-24 14:24:10.966 | INFO     | Round=0 Top20  Recall=0.0295 Precision=0.0295 F-Measure=0.0295
2023-05-24 14:24:10.966 | INFO     | Round=0 Top50  Recall=0.0563 Precision=0.0563 F-Measure=0.0562
2023-05-24 14:24:10.966 | INFO     | Round=0 Top100 Recall=0.0849 Precision=0.0849 F-Measure=0.0849
2023-05-24 14:24:10.966 | INFO     | ************************************************************
2023-05-24 14:24:22.488 | INFO     | ************************************************************
2023-05-24 14:24:22.488 | INFO     | Round=0 Tree Indexer Retrieval Performance
2023-05-24 14:24:22.488 | INFO     | Round=0 Top20  Recall=0.0358 Precision=0.0358 F-Measure=0.0358
2023-05-24 14:24:22.488 | INFO     | Round=0 Top50  Recall=0.0692 Precision=0.0692 F-Measure=0.0692
2023-05-24 14:24:22.488 | INFO     | Round=0 Top100 Recall=0.1085 Precision=0.1085 F-Measure=0.1085
2023-05-24 14:24:22.489 | INFO     | ************************************************************
2023-05-24 14:24:33.973 | INFO     | ************************************************************
2023-05-24 14:24:33.974 | INFO     | Round=0 Tree Indexer Retrieval Performance
2023-05-24 14:24:33.974 | INFO     | Round=0 Top20  Recall=0.0493 Precision=0.0493 F-Measure=0.0493
2023-05-24 14:24:33.974 | INFO     | Round=0 Top50  Recall=0.0744 Precision=0.0744 F-Measure=0.0744
2023-05-24 14:24:33.974 | INFO     | Round=0 Top100 Recall=0.1152 Precision=0.1152 F-Measure=0.1152
2023-05-24 14:24:33.975 | INFO     | ************************************************************
2023-05-24 14:24:45.578 | INFO     | ************************************************************
2023-05-24 14:24:45.579 | INFO     | Round=0 Tree Indexer Retrieval Performance
2023-05-24 14:24:45.579 | INFO     | Round=0 Top20  Recall=0.0427 Precision=0.0427 F-Measure=0.0427
2023-05-24 14:24:45.579 | INFO     | Round=0 Top50  Recall=0.0762 Precision=0.0762 F-Measure=0.0762
2023-05-24 14:24:45.579 | INFO     | Round=0 Top100 Recall=0.1212 Precision=0.1212 F-Measure=0.1212
2023-05-24 14:24:45.579 | INFO     | ************************************************************
2023-05-24 14:24:57.042 | INFO     | ************************************************************
2023-05-24 14:24:57.042 | INFO     | Round=0 Tree Indexer Retrieval Performance
2023-05-24 14:24:57.042 | INFO     | Round=0 Top20  Recall=0.0455 Precision=0.0455 F-Measure=0.0455
2023-05-24 14:24:57.042 | INFO     | Round=0 Top50  Recall=0.0806 Precision=0.0806 F-Measure=0.0806
2023-05-24 14:24:57.042 | INFO     | Round=0 Top100 Recall=0.1249 Precision=0.1249 F-Measure=0.1249
2023-05-24 14:24:57.043 | INFO     | ************************************************************
2023-05-24 14:25:08.793 | INFO     | ************************************************************
2023-05-24 14:25:08.793 | INFO     | Round=0 Tree Indexer Retrieval Performance
2023-05-24 14:25:08.793 | INFO     | Round=0 Top20  Recall=0.0465 Precision=0.0465 F-Measure=0.0465
2023-05-24 14:25:08.793 | INFO     | Round=0 Top50  Recall=0.0796 Precision=0.0796 F-Measure=0.0796
2023-05-24 14:25:08.793 | INFO     | Round=0 Top100 Recall=0.1226 Precision=0.1226 F-Measure=0.1226
2023-05-24 14:25:08.793 | INFO     | ************************************************************
2023-05-24 14:25:20.224 | INFO     | ************************************************************
2023-05-24 14:25:20.224 | INFO     | Round=0 Tree Indexer Retrieval Performance
2023-05-24 14:25:20.224 | INFO     | Round=0 Top20  Recall=0.0437 Precision=0.0437 F-Measure=0.0437
2023-05-24 14:25:20.224 | INFO     | Round=0 Top50  Recall=0.0781 Precision=0.0781 F-Measure=0.0781
2023-05-24 14:25:20.224 | INFO     | Round=0 Top100 Recall=0.1263 Precision=0.1263 F-Measure=0.1263
2023-05-24 14:25:20.225 | INFO     | ************************************************************
2023-05-24 14:25:31.676 | INFO     | ************************************************************
2023-05-24 14:25:31.676 | INFO     | Round=0 Tree Indexer Retrieval Performance
2023-05-24 14:25:31.676 | INFO     | Round=0 Top20  Recall=0.0399 Precision=0.0399 F-Measure=0.0399
2023-05-24 14:25:31.677 | INFO     | Round=0 Top50  Recall=0.0743 Precision=0.0743 F-Measure=0.0743
2023-05-24 14:25:31.677 | INFO     | Round=0 Top100 Recall=0.1248 Precision=0.1248 F-Measure=0.1248
2023-05-24 14:25:31.677 | INFO     | ************************************************************
2023-05-24 14:25:43.412 | INFO     | ************************************************************
2023-05-24 14:25:43.413 | INFO     | Round=0 Tree Indexer Retrieval Performance
2023-05-24 14:25:43.413 | INFO     | Round=0 Top20  Recall=0.0441 Precision=0.0441 F-Measure=0.0441
2023-05-24 14:25:43.413 | INFO     | Round=0 Top50  Recall=0.0762 Precision=0.0762 F-Measure=0.0762
2023-05-24 14:25:43.413 | INFO     | Round=0 Top100 Recall=0.1269 Precision=0.1269 F-Measure=0.1269
2023-05-24 14:25:43.413 | INFO     | ************************************************************
2023-05-24 14:25:55.327 | INFO     | ************************************************************
2023-05-24 14:25:55.327 | INFO     | Round=0 Tree Indexer Retrieval Performance
2023-05-24 14:25:55.328 | INFO     | Round=0 Top20  Recall=0.0424 Precision=0.0424 F-Measure=0.0424
2023-05-24 14:25:55.328 | INFO     | Round=0 Top50  Recall=0.0779 Precision=0.0779 F-Measure=0.0779
2023-05-24 14:25:55.328 | INFO     | Round=0 Top100 Recall=0.1241 Precision=0.1241 F-Measure=0.1241
2023-05-24 14:25:55.328 | INFO     | ************************************************************
2023-05-24 14:26:07.089 | INFO     | ************************************************************
2023-05-24 14:26:07.089 | INFO     | Round=0 Tree Indexer Retrieval Performance
2023-05-24 14:26:07.089 | INFO     | Round=0 Top20  Recall=0.0448 Precision=0.0448 F-Measure=0.0448
2023-05-24 14:26:07.090 | INFO     | Round=0 Top50  Recall=0.0768 Precision=0.0768 F-Measure=0.0768
2023-05-24 14:26:07.090 | INFO     | Round=0 Top100 Recall=0.1247 Precision=0.1247 F-Measure=0.1247
2023-05-24 14:26:07.090 | INFO     | ************************************************************
